INFO-FLOW: Workspace D:/archive/knn/solution1 opened at Thu Jul 04 20:30:24 +1000 2024
Execute     config_clock -quiet -name default -period 10 -default=false 
INFO: [SYN 201-201] Setting up clock 'default' with a period of 10ns.
Execute     open_platform DefaultPlatform 
Execute     import_lib D:/Xilinx/Vivado/2020.1/common/technology/xilinx/zynquplus/zynquplus 
Execute       source D:/Xilinx/Vivado/2020.1/common/technology/xilinx/common/xilinx.lib 
Execute         source D:/Xilinx/Vivado/2020.1/common/technology/xilinx/interface/xilinx_interface.lib 
Execute           source D:/Xilinx/Vivado/2020.1/common/technology/xilinx/interface/plb46.lib 
Execute           source D:/Xilinx/Vivado/2020.1/common/technology/xilinx/interface/fsl.lib 
Execute           source D:/Xilinx/Vivado/2020.1/common/technology/xilinx/interface/axi4.lib 
Execute           source D:/Xilinx/Vivado/2020.1/common/technology/xilinx/interface/maxi.lib 
Execute           source D:/Xilinx/Vivado/2020.1/common/technology/xilinx/interface/saxilite.lib 
Command         ap_source done; 0.155 sec.
Execute         source D:/Xilinx/Vivado/2020.1/common/technology/xilinx/common/dsp48.lib 
Execute         source D:/Xilinx/Vivado/2020.1/common/technology/xilinx/ip/dds_compiler.lib 
Execute         source D:/Xilinx/Vivado/2020.1/common/technology/xilinx/ip/xfft.lib 
Execute         source D:/Xilinx/Vivado/2020.1/common/technology/xilinx/ip/xfir.lib 
Command       ap_source done; 0.244 sec.
Execute       source D:/Xilinx/Vivado/2020.1/common/technology/xilinx/common/xilinx.hlp 
Execute         source D:/Xilinx/Vivado/2020.1/common/technology/xilinx/common/target_info.tcl 
Execute         source D:/Xilinx/Vivado/2020.1/common/technology/xilinx/interface/xilinx_interface.hlp 
Execute           source D:/Xilinx/Vivado/2020.1/common/technology/xilinx/interface/maxi.hlp 
Execute           source D:/Xilinx/Vivado/2020.1/common/technology/xilinx/interface/saxilite.hlp 
Execute         source D:/Xilinx/Vivado/2020.1/common/technology/xilinx/common/dsp48.hlp 
Command       ap_source done; 0.129 sec.
Execute       source D:/Xilinx/Vivado/2020.1/common/technology/xilinx/zynquplus/dsp48e2.hlp 
Execute       source D:/Xilinx/Vivado/2020.1/common/technology/xilinx/common/xilinx.hlp 
Execute         source D:/Xilinx/Vivado/2020.1/common/technology/xilinx/common/target_info.tcl 
Execute         source D:/Xilinx/Vivado/2020.1/common/technology/xilinx/interface/xilinx_interface.hlp 
Execute           source D:/Xilinx/Vivado/2020.1/common/technology/xilinx/interface/maxi.hlp 
Execute           source D:/Xilinx/Vivado/2020.1/common/technology/xilinx/interface/saxilite.hlp 
Execute         source D:/Xilinx/Vivado/2020.1/common/technology/xilinx/common/dsp48.hlp 
Command     import_lib done; 0.433 sec.
Execute     source D:/Xilinx/Vivado/2020.1/common/technology/xilinx/zynquplus/zynquplus.gen 
Execute       source D:/Xilinx/Vivado/2020.1/common/technology/xilinx/common/xilinx.gen 
Execute         source D:/Xilinx/Vivado/2020.1/common/technology/xilinx/interface/plb46.gen 
Execute         source D:/Xilinx/Vivado/2020.1/common/technology/xilinx/interface/fsl.gen 
Execute         source D:/Xilinx/Vivado/2020.1/common/technology/xilinx/interface/axi4.gen 
Execute         source D:/Xilinx/Vivado/2020.1/common/technology/xilinx/interface/nativeAXI4.gen 
Execute           source D:/Xilinx/Vivado/2020.1/common/technology/xilinx/interface/saxilite.gen 
Execute           source D:/Xilinx/Vivado/2020.1/common/technology/xilinx/interface/maxi.gen 
Execute         source D:/Xilinx/Vivado/2020.1/common/technology/xilinx/scripts/xilinxcoregen.gen 
Execute         source D:/Xilinx/Vivado/2020.1/common/technology/xilinx/interface/XilEDKCoreGen.gen 
Execute         source D:/Xilinx/Vivado/2020.1/common/technology/xilinx/ip/dds_compiler.gen 
Execute         source D:/Xilinx/Vivado/2020.1/common/technology/xilinx/ip/util.gen 
Execute         source D:/Xilinx/Vivado/2020.1/common/technology/xilinx/ip/xfft.gen 
Execute         source D:/Xilinx/Vivado/2020.1/common/technology/xilinx/ip/xfir.gen 
Execute         source D:/Xilinx/Vivado/2020.1/common/technology/xilinx/common/dsp48.gen 
Command       ap_source done; 0.35 sec.
Command     ap_source done; 0.354 sec.
Execute     open_platform DefaultPlatform 
Execute     import_lib D:/Xilinx/Vivado/2020.1/common/technology/xilinx/zynquplus/zynquplus_fpv7 
Execute       source D:/Xilinx/Vivado/2020.1/common/technology/xilinx/common/xilinx_fp.lib 
Execute       source D:/Xilinx/Vivado/2020.1/common/technology/xilinx/common/xilinx_fp.hlp 
Execute         source D:/Xilinx/Vivado/2020.1/common/technology/xilinx/common/xilinx.hlp 
Execute           source D:/Xilinx/Vivado/2020.1/common/technology/xilinx/common/target_info.tcl 
Execute           source D:/Xilinx/Vivado/2020.1/common/technology/xilinx/interface/xilinx_interface.hlp 
Execute             source D:/Xilinx/Vivado/2020.1/common/technology/xilinx/interface/maxi.hlp 
Execute             source D:/Xilinx/Vivado/2020.1/common/technology/xilinx/interface/saxilite.hlp 
Execute           source D:/Xilinx/Vivado/2020.1/common/technology/xilinx/common/dsp48.hlp 
Execute     source D:/Xilinx/Vivado/2020.1/common/technology/xilinx/zynquplus/zynquplus_fpv7.gen 
Execute       source D:/Xilinx/Vivado/2020.1/common/technology/xilinx/common/xilinx_fp.gen 
Execute     set_part xqzu5ev-ffrb900-1-i 
Execute       ap_part_info -name xqzu5ev-ffrb900-1-i -data single -quiet 
Command       ap_part_info done; 0.257 sec.
Execute       ap_part_info -name xqzu5ev-ffrb900-1-i -data info 
Execute       add_library xilinx/zynquplus/zynquplus:xqzu5ev:-ffrb900:-1-i 
Execute         get_default_platform 
Execute         ap_part_info -data single -name xqzu5ev-ffrb900-1-i 
Execute         ap_part_info -name xqzu5ev-ffrb900-1-i -data resources 
Execute         ap_part_info -name xqzu5ev-ffrb900-1-i -data info 
Execute         ap_part_info -name xqzu5ev-ffrb900-1-i -data info 
Execute         config_chip_info -quiet -resource {SLICE 14640} {LUT 117120} {FF 234240} {DSP48E 1248} {BRAM 288} {URAM 64} 
Execute         ap_part_info -name xqzu5ev-ffrb900-1-i -data info 
Execute         config_chip_info -quiet -speed slow 
Execute       add_library xilinx/zynquplus/zynquplus_fpv7 
Execute         get_default_platform 
INFO: [HLS 200-10] Setting target device to 'xqzu5ev-ffrb900-1-i'
Execute       ap_part_info -name xqzu5ev-ffrb900-1-i -data info 
Execute       get_default_platform 
Command     set_part done; 0.386 sec.
Execute     ap_part_info -data single -name xqzu5ev-ffrb900-1-i 
Execute     ap_part_info -name xqzu5ev-ffrb900-1-i -data resources 
Execute     ap_part_info -name xqzu5ev-ffrb900-1-i -data info 
Execute     ap_part_info -name xqzu5ev-ffrb900-1-i -data info 
Execute     config_chip_info -quiet -resource {SLICE 14640} {LUT 117120} {FF 234240} {DSP48E 1248} {BRAM 288} {URAM 64} 
Execute     ap_part_info -name xqzu5ev-ffrb900-1-i -data info 
Execute     config_chip_info -quiet -speed slow 
Command   open_solution done; 1.353 sec.
Execute   set_part xqzu5ev-ffrb900-1-i 
Execute     ap_part_info -name xqzu5ev-ffrb900-1-i -data single -quiet 
Execute     ap_part_info -name xqzu5ev-ffrb900-1-i -data info 
Execute     add_library xilinx/zynquplus/zynquplus:xqzu5ev:-ffrb900:-1-i 
Execute       get_default_platform 
Execute       ap_part_info -data single -name xqzu5ev-ffrb900-1-i 
Execute       ap_part_info -name xqzu5ev-ffrb900-1-i -data resources 
Execute       ap_part_info -name xqzu5ev-ffrb900-1-i -data info 
Execute       ap_part_info -name xqzu5ev-ffrb900-1-i -data info 
Execute       config_chip_info -quiet -resource {SLICE 14640} {LUT 117120} {FF 234240} {DSP48E 1248} {BRAM 288} {URAM 64} 
Execute       ap_part_info -name xqzu5ev-ffrb900-1-i -data info 
Execute       config_chip_info -quiet -speed slow 
Execute     add_library xilinx/zynquplus/zynquplus_fpv7 
Execute       get_default_platform 
Execute     ap_part_info -name xqzu5ev-ffrb900-1-i -data info 
Execute     get_default_platform 
Execute   create_clock -period 10 -name default 
Execute   csynth_design 
Execute     get_config_compile -dump_cfg 
Execute     get_config_compile -effort 
Execute     get_config_compile -enable_clang39 
Execute     get_config_compile -g 
Execute     get_config_compile -ng 
Execute     get_config_compile -opt_fp 
Execute     get_config_compile -skip_cdt 
Execute     get_config_compile -skip_syncheck 
Execute     get_config_compile -skip_transform 
Execute     get_config_compile -keep_printf 
Execute     elaborate -effort=medium -skip_syncheck=0 -keep_printf=0 -skip_cdt=0 -skip_transform=0 -ng=0 -g=0 -opt_fp=0 -from_csynth_design=1 
Execute       get_config_schedule -relax_ii_for_timing 
INFO: [SCHED 204-61] Option 'relax_ii_for_timing' is enabled, will increase II to preserve clock frequency constraints.
Execute       get_config_schedule -suppress_dependence_error_break 
INFO: [HLS 200-10] Analyzing design file 'knn.cpp' ... 
INFO-FLOW: Compiling one TU...
Execute       is_m_axi_addr64 
INFO-FLOW: Handling knn.cpp as C++
Execute       ap_part_info -name xqzu5ev-ffrb900-1-i -data info 
Execute       is_encrypted knn.cpp 
Execute       ap_part_info -name xqzu5ev-ffrb900-1-i -data info 
INFO-FLOW: Running: GCC PP
INFO-FLOW: Source preprocessing
Execute       clang  -fno-limit-debug-info -gcc-toolchain "D:/Xilinx/Vivado/2020.1/msys" -hls  -fno-exceptions  -D__llvm__  -E "knn.cpp"     -fno-math-errno -c -emit-llvm -O0  -mllvm -disable-llvm-optzns -fno-threadsafe-statics  -fno-use-cxa-atexit  -fno-threadsafe-statics -fno-use-cxa-atexit -D__CLANG_3_1__ -D__cdecl= -DAESL_SYN -D__SYNTHESIS__ -D__HLS_SYN__ -I "D:/Xilinx/Vivado/2020.1/common/technology/autopilot" -I "D:/Xilinx/Vivado/2020.1/common/technology/autopilot/ap_sysc" -include etc/autopilot_ssdm_op.h -D__DSP48E2__  -o "D:/archive/knn/solution1/.autopilot/db/knn.pp.0.cpp" 
INFO-FLOW: exec D:/Xilinx/Vivado/2020.1/win64/tools/clang/bin/clang -fno-limit-debug-info -gcc-toolchain D:/Xilinx/Vivado/2020.1/msys -hls -fno-exceptions -D__llvm__ -E knn.cpp -fno-math-errno -c -emit-llvm -O0 -mllvm -disable-llvm-optzns -fno-threadsafe-statics -fno-use-cxa-atexit -fno-threadsafe-statics -fno-use-cxa-atexit -D__CLANG_3_1__ -D__cdecl= -DAESL_SYN -D__SYNTHESIS__ -D__HLS_SYN__ -I D:/Xilinx/Vivado/2020.1/common/technology/autopilot -I D:/Xilinx/Vivado/2020.1/common/technology/autopilot/ap_sysc -include etc/autopilot_ssdm_op.h -D__DSP48E2__ -o D:/archive/knn/solution1/.autopilot/db/knn.pp.0.cpp
Command       clang done; 4.437 sec.
Execute       tidy_31 xilinx-xfmat-array-geometry D:/archive/knn/solution1/.autopilot/db/knn.pp.0.cpp std=gnu++98 
INFO-FLOW: exec D:/Xilinx/Vivado/2020.1/win64/tools/clang-3.9-csynth/bin/tidy-3.1 -header-filter=.* -checks=-*,xilinx-xfmat-array-geometry -quiet -fix D:/archive/knn/solution1/.autopilot/db/knn.pp.0.cpp -- -std=gnu++98 -fhls -ferror-limit=0
Command       tidy_31 done; 0.874 sec.
INFO-FLOW: Syntax Checking before pre-processing...
Execute       clang -syntaxcheck -src D:/archive/knn/solution1/.autopilot/db/knn.pp.0.cpp  -fno-limit-debug-info -gcc-toolchain "D:/Xilinx/Vivado/2020.1/msys" -hls    -fno-math-errno -c -emit-llvm -O0  -mllvm -disable-llvm-optzns -fno-threadsafe-statics  -fno-use-cxa-atexit  -fno-threadsafe-statics -fno-use-cxa-atexit -D__CLANG_3_1__ -D__cdecl= -DAESL_SYN -D__SYNTHESIS__ -D__HLS_SYN__ -I "D:/Xilinx/Vivado/2020.1/common/technology/autopilot" -I "D:/Xilinx/Vivado/2020.1/common/technology/autopilot/ap_sysc" -include etc/autopilot_ssdm_op.h -D__DSP48E2__  "D:/archive/knn/solution1/.autopilot/db/knn.pp.0.cpp"  -o "D:/archive/knn/solution1/.autopilot/db/useless.bc"  
INFO-FLOW: exec D:/Xilinx/Vivado/2020.1/win64/tools/clang/bin/clang -fno-limit-debug-info -gcc-toolchain D:/Xilinx/Vivado/2020.1/msys -hls -fno-math-errno -c -emit-llvm -O0 -mllvm -disable-llvm-optzns -fno-threadsafe-statics -fno-use-cxa-atexit -fno-threadsafe-statics -fno-use-cxa-atexit -D__CLANG_3_1__ -D__cdecl= -DAESL_SYN -D__SYNTHESIS__ -D__HLS_SYN__ -I D:/Xilinx/Vivado/2020.1/common/technology/autopilot -I D:/Xilinx/Vivado/2020.1/common/technology/autopilot/ap_sysc -include etc/autopilot_ssdm_op.h -D__DSP48E2__ D:/archive/knn/solution1/.autopilot/db/knn.pp.0.cpp -o D:/archive/knn/solution1/.autopilot/db/useless.bc
Command       clang done; 1.138 sec.
INFO-FLOW: Done: GCC PP time: 6.5 seconds per iteration
Execute       source D:/Xilinx/Vivado/2020.1/tps/tcl/tcllib1.11.1/yaml/huddle.tcl 
Execute       source D:/Xilinx/Vivado/2020.1/tps/tcl/tcllib1.11.1/yaml/json2huddle.tcl 
Execute         source D:/Xilinx/Vivado/2020.1/tps/tcl/tcllib1.11.1/try/try.tcl 
Execute       list_core -type functional_unit 
Execute       tidy_31 xilinx-systemc-detector D:/archive/knn/solution1/.autopilot/db/knn.pp.0.cpp std=gnu++98 -directive=D:/archive/knn/solution1/.autopilot/db/.systemc_flag 
INFO-FLOW: exec D:/Xilinx/Vivado/2020.1/win64/tools/clang-3.9-csynth/bin/tidy-3.1 -header-filter=.* -checks=-*,xilinx-systemc-detector -import-directive=D:/archive/knn/solution1/.autopilot/db/.systemc_flag -quiet -fix-errors D:/archive/knn/solution1/.autopilot/db/knn.pp.0.cpp -- -std=gnu++98 -fhls -ferror-limit=0
Command       tidy_31 done; 0.296 sec.
INFO-FLOW: Running: tidy-3.1 CDT preprocess
Execute       tidy_31 xilinx-directive2pragma D:/archive/knn/solution1/.autopilot/db/knn.pp.0.cpp std=gnu++98 -directive=D:/archive/knn/solution1/.autopilot/db/all.directive.json 
INFO-FLOW: exec D:/Xilinx/Vivado/2020.1/win64/tools/clang-3.9-csynth/bin/tidy-3.1 -header-filter=.* -checks=-*,xilinx-directive2pragma -import-directive=D:/archive/knn/solution1/.autopilot/db/all.directive.json -quiet -fix-errors D:/archive/knn/solution1/.autopilot/db/knn.pp.0.cpp -- -std=gnu++98 -fhls -ferror-limit=0
Command       tidy_31 done; 0.289 sec.
Execute       get_config_dataflow -strict_mode 
Execute       ap_eval exec -ignorestderr D:/Xilinx/Vivado/2020.1/win64/tools/clang-3.9-csynth/bin/xilinx-dataflow-lawyer -export-fixes=D:/archive/knn/solution1/.autopilot/db/xilinx-dataflow-lawyer.knn.pp.0.cpp.diag.yml D:/archive/knn/solution1/.autopilot/db/knn.pp.0.cpp -- -std=gnu++98 -fhls -ferror-limit=0 -fstrict-dataflow > D:/archive/knn/solution1/.autopilot/db/xilinx-dataflow-lawyer.knn.pp.0.cpp.out.log 2> D:/archive/knn/solution1/.autopilot/db/xilinx-dataflow-lawyer.knn.pp.0.cpp.err.log 
Command       ap_eval done; 0.973 sec.
Execute       tidy_31 -errorcheck xilinx-constantarray-param,xilinx-resource-pragma-transformer,xilinx-xfmat-array-geometry D:/archive/knn/solution1/.autopilot/db/knn.pp.0.cpp std=gnu++98 
Execute         ap_eval exec -ignorestderr D:/Xilinx/Vivado/2020.1/win64/tools/clang-3.9-csynth/bin/tidy-3.1 -export-fixes=D:/archive/knn/solution1/.autopilot/db/tidy-3.1.knn.pp.0.cpp.diag.yml -header-filter=.* -checks=-*,xilinx-constantarray-param,xilinx-resource-pragma-transformer,xilinx-xfmat-array-geometry -quiet -fix-errors D:/archive/knn/solution1/.autopilot/db/knn.pp.0.cpp -- -std=gnu++98 -fhls -ferror-limit=0 > D:/archive/knn/solution1/.autopilot/db/tidy-3.1.knn.pp.0.cpp.out.log 2> D:/archive/knn/solution1/.autopilot/db/tidy-3.1.knn.pp.0.cpp.err.log 
Command         ap_eval done; 0.677 sec.
Execute         source D:/Xilinx/Vivado/2020.1/tps/tcl/tcllib1.11.1/yaml/yaml.tcl 
Execute           source D:/Xilinx/Vivado/2020.1/tps/tcl/tcllib1.11.1/cmdline/cmdline.tcl 
Execute         ap_eval exec -ignorestderr D:/Xilinx/Vivado/2020.1/win64/tools/clang-3.9-csynth/bin/xilinx-legacy-rewriter D:/archive/knn/solution1/.autopilot/db/knn.pp.0.cpp -- -std=gnu++98 -fhls -ferror-limit=0 > D:/archive/knn/solution1/.autopilot/db/xilinx-legacy-rewriter.knn.pp.0.cpp.out.log 2> D:/archive/knn/solution1/.autopilot/db/xilinx-legacy-rewriter.knn.pp.0.cpp.err.log 
Command         ap_eval done; 0.734 sec.
Command       tidy_31 done; 1.473 sec.
INFO-FLOW: Done: tidy-3.1 CDT preprocess time: 2.7 seconds per iteration
INFO-FLOW: Pragma Handling...
Execute       tidy_31 xilinx-ssdm-intrinsics-arguments D:/archive/knn/solution1/.autopilot/db/knn.pragma.1.cpp std=gnu++98 
INFO-FLOW: exec D:/Xilinx/Vivado/2020.1/win64/tools/clang-3.9-csynth/bin/tidy-3.1 -header-filter=.* -checks=-*,xilinx-ssdm-intrinsics-arguments -quiet -fix-errors D:/archive/knn/solution1/.autopilot/db/knn.pragma.1.cpp -- -std=gnu++98 -fhls -ferror-limit=0
Command       tidy_31 done; 0.325 sec.
Execute       ap_part_info -name xqzu5ev-ffrb900-1-i -data info 
INFO-FLOW: Processing labels
Execute       clang -src D:/archive/knn/solution1/.autopilot/db/knn.pragma.2.cpp  -fno-limit-debug-info -gcc-toolchain D:/Xilinx/Vivado/2020.1/msys -hls -hls-analyze-label -hls-analyze-pragma -fno-exceptions  -D__llvm__  -w  "D:/archive/knn/solution1/.autopilot/db/knn.pragma.2.cpp"    -fno-math-errno -c -emit-llvm -O0  -mllvm -disable-llvm-optzns -fno-threadsafe-statics  -fno-use-cxa-atexit -DAESL_SYN -D__SYNTHESIS__ -D__HLS_SYN__ -I "D:/Xilinx/Vivado/2020.1/common/technology/autopilot" -I "D:/Xilinx/Vivado/2020.1/common/technology/autopilot/ap_sysc" -include etc/autopilot_ssdm_op.h -D__DSP48E2__ -g -o "D:/archive/knn/solution1/.autopilot/db/knn.bc" 
INFO-FLOW: exec D:/Xilinx/Vivado/2020.1/win64/tools/clang/bin/clang -fno-limit-debug-info -gcc-toolchain D:/Xilinx/Vivado/2020.1/msys -hls -hls-analyze-label -hls-analyze-pragma -fno-exceptions -D__llvm__ -w D:/archive/knn/solution1/.autopilot/db/knn.pragma.2.cpp -fno-math-errno -c -emit-llvm -O0 -mllvm -disable-llvm-optzns -fno-threadsafe-statics -fno-use-cxa-atexit -DAESL_SYN -D__SYNTHESIS__ -D__HLS_SYN__ -I D:/Xilinx/Vivado/2020.1/common/technology/autopilot -I D:/Xilinx/Vivado/2020.1/common/technology/autopilot/ap_sysc -include etc/autopilot_ssdm_op.h -D__DSP48E2__ -g -o D:/archive/knn/solution1/.autopilot/db/knn.bc
Command       clang done; 1.14 sec.
INFO: [HLS 200-10] Analyzing design file 'mSort.cpp' ... 
INFO-FLOW: Compiling one TU...
Execute       is_m_axi_addr64 
INFO-FLOW: Handling mSort.cpp as C++
Execute       ap_part_info -name xqzu5ev-ffrb900-1-i -data info 
Execute       is_encrypted mSort.cpp 
Execute       ap_part_info -name xqzu5ev-ffrb900-1-i -data info 
INFO-FLOW: Running: GCC PP
INFO-FLOW: Source preprocessing
Execute       clang  -fno-limit-debug-info -gcc-toolchain "D:/Xilinx/Vivado/2020.1/msys" -hls  -fno-exceptions  -D__llvm__  -E "mSort.cpp"     -fno-math-errno -c -emit-llvm -O0  -mllvm -disable-llvm-optzns -fno-threadsafe-statics  -fno-use-cxa-atexit  -fno-threadsafe-statics -fno-use-cxa-atexit -D__CLANG_3_1__ -D__cdecl= -DAESL_SYN -D__SYNTHESIS__ -D__HLS_SYN__ -I "D:/Xilinx/Vivado/2020.1/common/technology/autopilot" -I "D:/Xilinx/Vivado/2020.1/common/technology/autopilot/ap_sysc" -include etc/autopilot_ssdm_op.h -D__DSP48E2__  -o "D:/archive/knn/solution1/.autopilot/db/mSort.pp.0.cpp" 
INFO-FLOW: exec D:/Xilinx/Vivado/2020.1/win64/tools/clang/bin/clang -fno-limit-debug-info -gcc-toolchain D:/Xilinx/Vivado/2020.1/msys -hls -fno-exceptions -D__llvm__ -E mSort.cpp -fno-math-errno -c -emit-llvm -O0 -mllvm -disable-llvm-optzns -fno-threadsafe-statics -fno-use-cxa-atexit -fno-threadsafe-statics -fno-use-cxa-atexit -D__CLANG_3_1__ -D__cdecl= -DAESL_SYN -D__SYNTHESIS__ -D__HLS_SYN__ -I D:/Xilinx/Vivado/2020.1/common/technology/autopilot -I D:/Xilinx/Vivado/2020.1/common/technology/autopilot/ap_sysc -include etc/autopilot_ssdm_op.h -D__DSP48E2__ -o D:/archive/knn/solution1/.autopilot/db/mSort.pp.0.cpp
Command       clang done; 1.012 sec.
Execute       tidy_31 xilinx-xfmat-array-geometry D:/archive/knn/solution1/.autopilot/db/mSort.pp.0.cpp std=gnu++98 
INFO-FLOW: exec D:/Xilinx/Vivado/2020.1/win64/tools/clang-3.9-csynth/bin/tidy-3.1 -header-filter=.* -checks=-*,xilinx-xfmat-array-geometry -quiet -fix D:/archive/knn/solution1/.autopilot/db/mSort.pp.0.cpp -- -std=gnu++98 -fhls -ferror-limit=0
INFO-FLOW: Syntax Checking before pre-processing...
Execute       clang -syntaxcheck -src D:/archive/knn/solution1/.autopilot/db/mSort.pp.0.cpp  -fno-limit-debug-info -gcc-toolchain "D:/Xilinx/Vivado/2020.1/msys" -hls    -fno-math-errno -c -emit-llvm -O0  -mllvm -disable-llvm-optzns -fno-threadsafe-statics  -fno-use-cxa-atexit  -fno-threadsafe-statics -fno-use-cxa-atexit -D__CLANG_3_1__ -D__cdecl= -DAESL_SYN -D__SYNTHESIS__ -D__HLS_SYN__ -I "D:/Xilinx/Vivado/2020.1/common/technology/autopilot" -I "D:/Xilinx/Vivado/2020.1/common/technology/autopilot/ap_sysc" -include etc/autopilot_ssdm_op.h -D__DSP48E2__  "D:/archive/knn/solution1/.autopilot/db/mSort.pp.0.cpp"  -o "D:/archive/knn/solution1/.autopilot/db/useless.bc"  
INFO-FLOW: exec D:/Xilinx/Vivado/2020.1/win64/tools/clang/bin/clang -fno-limit-debug-info -gcc-toolchain D:/Xilinx/Vivado/2020.1/msys -hls -fno-math-errno -c -emit-llvm -O0 -mllvm -disable-llvm-optzns -fno-threadsafe-statics -fno-use-cxa-atexit -fno-threadsafe-statics -fno-use-cxa-atexit -D__CLANG_3_1__ -D__cdecl= -DAESL_SYN -D__SYNTHESIS__ -D__HLS_SYN__ -I D:/Xilinx/Vivado/2020.1/common/technology/autopilot -I D:/Xilinx/Vivado/2020.1/common/technology/autopilot/ap_sysc -include etc/autopilot_ssdm_op.h -D__DSP48E2__ D:/archive/knn/solution1/.autopilot/db/mSort.pp.0.cpp -o D:/archive/knn/solution1/.autopilot/db/useless.bc
Command       clang done; 1.003 sec.
INFO-FLOW: Done: GCC PP time: 2.1 seconds per iteration
Execute       list_core -type functional_unit 
Execute       tidy_31 xilinx-systemc-detector D:/archive/knn/solution1/.autopilot/db/mSort.pp.0.cpp std=gnu++98 -directive=D:/archive/knn/solution1/.autopilot/db/.systemc_flag 
INFO-FLOW: exec D:/Xilinx/Vivado/2020.1/win64/tools/clang-3.9-csynth/bin/tidy-3.1 -header-filter=.* -checks=-*,xilinx-systemc-detector -import-directive=D:/archive/knn/solution1/.autopilot/db/.systemc_flag -quiet -fix-errors D:/archive/knn/solution1/.autopilot/db/mSort.pp.0.cpp -- -std=gnu++98 -fhls -ferror-limit=0
INFO-FLOW: Running: tidy-3.1 CDT preprocess
Execute       tidy_31 xilinx-directive2pragma D:/archive/knn/solution1/.autopilot/db/mSort.pp.0.cpp std=gnu++98 -directive=D:/archive/knn/solution1/.autopilot/db/all.directive.json 
INFO-FLOW: exec D:/Xilinx/Vivado/2020.1/win64/tools/clang-3.9-csynth/bin/tidy-3.1 -header-filter=.* -checks=-*,xilinx-directive2pragma -import-directive=D:/archive/knn/solution1/.autopilot/db/all.directive.json -quiet -fix-errors D:/archive/knn/solution1/.autopilot/db/mSort.pp.0.cpp -- -std=gnu++98 -fhls -ferror-limit=0
Execute       get_config_dataflow -strict_mode 
Execute       ap_eval exec -ignorestderr D:/Xilinx/Vivado/2020.1/win64/tools/clang-3.9-csynth/bin/xilinx-dataflow-lawyer -export-fixes=D:/archive/knn/solution1/.autopilot/db/xilinx-dataflow-lawyer.mSort.pp.0.cpp.diag.yml D:/archive/knn/solution1/.autopilot/db/mSort.pp.0.cpp -- -std=gnu++98 -fhls -ferror-limit=0 -fstrict-dataflow > D:/archive/knn/solution1/.autopilot/db/xilinx-dataflow-lawyer.mSort.pp.0.cpp.out.log 2> D:/archive/knn/solution1/.autopilot/db/xilinx-dataflow-lawyer.mSort.pp.0.cpp.err.log 
Execute       tidy_31 -errorcheck xilinx-constantarray-param,xilinx-resource-pragma-transformer,xilinx-xfmat-array-geometry D:/archive/knn/solution1/.autopilot/db/mSort.pp.0.cpp std=gnu++98 
Execute         ap_eval exec -ignorestderr D:/Xilinx/Vivado/2020.1/win64/tools/clang-3.9-csynth/bin/tidy-3.1 -export-fixes=D:/archive/knn/solution1/.autopilot/db/tidy-3.1.mSort.pp.0.cpp.diag.yml -header-filter=.* -checks=-*,xilinx-constantarray-param,xilinx-resource-pragma-transformer,xilinx-xfmat-array-geometry -quiet -fix-errors D:/archive/knn/solution1/.autopilot/db/mSort.pp.0.cpp -- -std=gnu++98 -fhls -ferror-limit=0 > D:/archive/knn/solution1/.autopilot/db/tidy-3.1.mSort.pp.0.cpp.out.log 2> D:/archive/knn/solution1/.autopilot/db/tidy-3.1.mSort.pp.0.cpp.err.log 
Execute         ap_eval exec -ignorestderr D:/Xilinx/Vivado/2020.1/win64/tools/clang-3.9-csynth/bin/xilinx-legacy-rewriter D:/archive/knn/solution1/.autopilot/db/mSort.pp.0.cpp -- -std=gnu++98 -fhls -ferror-limit=0 > D:/archive/knn/solution1/.autopilot/db/xilinx-legacy-rewriter.mSort.pp.0.cpp.out.log 2> D:/archive/knn/solution1/.autopilot/db/xilinx-legacy-rewriter.mSort.pp.0.cpp.err.log 
Command       tidy_31 done; 0.141 sec.
INFO-FLOW: Done: tidy-3.1 CDT preprocess time: 0.3 seconds per iteration
INFO-FLOW: Pragma Handling...
Execute       tidy_31 xilinx-ssdm-intrinsics-arguments D:/archive/knn/solution1/.autopilot/db/mSort.pragma.1.cpp std=gnu++98 
INFO-FLOW: exec D:/Xilinx/Vivado/2020.1/win64/tools/clang-3.9-csynth/bin/tidy-3.1 -header-filter=.* -checks=-*,xilinx-ssdm-intrinsics-arguments -quiet -fix-errors D:/archive/knn/solution1/.autopilot/db/mSort.pragma.1.cpp -- -std=gnu++98 -fhls -ferror-limit=0
Execute       ap_part_info -name xqzu5ev-ffrb900-1-i -data info 
INFO-FLOW: Processing labels
Execute       clang -src D:/archive/knn/solution1/.autopilot/db/mSort.pragma.2.cpp  -fno-limit-debug-info -gcc-toolchain D:/Xilinx/Vivado/2020.1/msys -hls -hls-analyze-label -hls-analyze-pragma -fno-exceptions  -D__llvm__  -w  "D:/archive/knn/solution1/.autopilot/db/mSort.pragma.2.cpp"    -fno-math-errno -c -emit-llvm -O0  -mllvm -disable-llvm-optzns -fno-threadsafe-statics  -fno-use-cxa-atexit -DAESL_SYN -D__SYNTHESIS__ -D__HLS_SYN__ -I "D:/Xilinx/Vivado/2020.1/common/technology/autopilot" -I "D:/Xilinx/Vivado/2020.1/common/technology/autopilot/ap_sysc" -include etc/autopilot_ssdm_op.h -D__DSP48E2__ -g -o "D:/archive/knn/solution1/.autopilot/db/mSort.bc" 
INFO-FLOW: exec D:/Xilinx/Vivado/2020.1/win64/tools/clang/bin/clang -fno-limit-debug-info -gcc-toolchain D:/Xilinx/Vivado/2020.1/msys -hls -hls-analyze-label -hls-analyze-pragma -fno-exceptions -D__llvm__ -w D:/archive/knn/solution1/.autopilot/db/mSort.pragma.2.cpp -fno-math-errno -c -emit-llvm -O0 -mllvm -disable-llvm-optzns -fno-threadsafe-statics -fno-use-cxa-atexit -DAESL_SYN -D__SYNTHESIS__ -D__HLS_SYN__ -I D:/Xilinx/Vivado/2020.1/common/technology/autopilot -I D:/Xilinx/Vivado/2020.1/common/technology/autopilot/ap_sysc -include etc/autopilot_ssdm_op.h -D__DSP48E2__ -g -o D:/archive/knn/solution1/.autopilot/db/mSort.bc
Command       clang done; 0.998 sec.
INFO-FLOW: Linking Debug ...
Execute       llvm-ld D:/archive/knn/solution1/.autopilot/db/knn.g.bc D:/archive/knn/solution1/.autopilot/db/mSort.g.bc -hls-opt -except-internalize knn -LD:/Xilinx/Vivado/2020.1/win64/lib -lhlsm -lhlsmc++ -o D:/archive/knn/solution1/.autopilot/db/a.g 
Command       llvm-ld done; 5.571 sec.
INFO: [HLS 200-111] Finished Linking Time (s): cpu = 00:00:02 ; elapsed = 00:00:22 . Memory (MB): peak = 889.035 ; gain = 795.188
INFO: [HLS 200-111] Finished Checking Pragmas Time (s): cpu = 00:00:02 ; elapsed = 00:00:22 . Memory (MB): peak = 889.035 ; gain = 795.188
Execute       get_config_sdx -target 
Execute       opt_and_import_c a -opt_level=2 -skip_syncheck=0 -ng=0 -keep_printf=0 
Execute         cleanup_all_models 
INFO: [HLS 200-10] Starting code transformations ...
Execute         transform -promote-dbg-pointer D:/archive/knn/solution1/.autopilot/db/a.pp.bc -o D:/archive/knn/solution1/.autopilot/db/a.pp.0.bc -f 
Command         transform done; 0.269 sec.
Execute         llvm-ld D:/archive/knn/solution1/.autopilot/db/a.pp.0.bc -disable-opt -LD:/Xilinx/Vivado/2020.1/win64/lib -lfloatconversion -o D:/archive/knn/solution1/.autopilot/db/a.g.0 
Command         llvm-ld done; 0.575 sec.
INFO-FLOW: Running Standard Transforms...
Execute         transform -hls -share-std-xform -demangle-name -inline-byval-memcpy -always-inline -stream-depth-lower -promote-dbg-pointer -interface-preproc -mem2reg -scalarrepl -mem2reg -keep-read-access -instcombine -dce -promote-dbg-pointer -bitop-raise -loop-simplify -indvarspre -indvars -loop-simplify -xunroll -constprop -instcombine -simplifycfg -indvars -simplifycfg -dce -globaldce -basicaa -simplifycfg -mem2reg -globalopt -global-constprop -deadargelim -instcombine -simplifycfg -prune-eh -simplifycfg -scalarrepl -instcombine -reassociate -licm -simplifycfg -loop-simplify -indvars -instcombine -simplifycfg -mem2reg -loop-simplify -indvars -instcombine -gvn -gvn -instcombine -adce -break-crit-edges -simplifycfg -loop-delete -global-array-opt -dce -dse -adce -find-syn-modules -top knn -deadargelim -mem2reg -instcombine -dce -presyn-prepare -auto-rom-infer -interface-preproc -syn-check -check-rec-only -find-region -simplifycfg -func-extr -function-inline -globaldce -mem2reg -instcombine -dce -gvn -globaldce -adce -adse -constprop -instcombine -bit-constprop -instcombine -dce -simplifycfg -bitop-raise -simplifycfg -dce -loop-delete -reassociate -globalopt -global-privatize -mem2reg -dce -global-constprop -pointer-simplify -constprop -dce -func-inst -deadargelim -auto-shift-reg-idiom -promote-dbg-pointer -norm-name D:/archive/knn/solution1/.autopilot/db/a.g.0.bc -o D:/archive/knn/solution1/.autopilot/db/a.g.1.bc -f -phase std-opt 
Command         transform done; 1.093 sec.
INFO: [HLS 200-111] Finished Standard Transforms Time (s): cpu = 00:00:03 ; elapsed = 00:00:24 . Memory (MB): peak = 889.035 ; gain = 795.188
INFO: [HLS 200-10] Checking synthesizability ...
INFO-FLOW: Checking Synthesizability 1/2..
Execute         transform -hls -syn-check -check-rec-only -disaggr -scalarrepl -norm-name -dce -mem2reg -instcombine -function-uniquify -directive-preproc -mem2reg -dse -dce -auto-rom-infer -dce -pag -array-normalize -instcombine -dce -warn-fifo-pointer -array-seg-normalize -instcombine -dce -array-flatten -instcombine -dce -array-burst -dce -deadargelim -promote-global-argument -simplifycfg -mem2reg -globaldce -dce -deadargelim -dce -instcombine -function-inline -globaldce -dce -doublePtrSimplify -doublePtrElim -dce -doublePtrSimplify -promote-dbg-pointer -dce -scalarrepl -dse -adse -instcombine -ptrLegalization -simplifycfg -dce -instcombine -pointer-simplify -ptrArgReplace -dce -instcombine -resolve-double-ptr -disaggr -scalarrepl -norm-name -dce -mem2reg -instcombine -ptrLegalization -simplifycfg -deadargelim -instcombine -dce -inst-simplify -function-uniquify -directive-preproc -mem2reg -dse -dce -globaldce -check-dspbuiltin D:/archive/knn/solution1/.autopilot/db/a.g.1.bc -o D:/archive/knn/solution1/.autopilot/db/a.g.2.prechk.bc -f 
INFO: [XFORM 203-602] Inlining function 'min' into 'mergeSort' (mSort.cpp:30) automatically.
INFO: [XFORM 203-602] Inlining function 'calculate_distance' into 'knn' (knn.cpp:43) automatically.
INFO: [XFORM 203-602] Inlining function 'mergeSort' into 'knn' (knn.cpp:48) automatically.
Command         transform done; 0.981 sec.
INFO-FLOW: Checking Synthesizability 2/2..
Execute         transform -syn-check D:/archive/knn/solution1/.autopilot/db/a.g.2.prechk.bc -o D:/archive/knn/solution1/.autopilot/db/a.g.2.bc -f -phase syn-check 
INFO: [HLS 200-111] Finished Checking Synthesizability Time (s): cpu = 00:00:04 ; elapsed = 00:00:25 . Memory (MB): peak = 889.035 ; gain = 795.188
INFO-FLOW: Compiler optimizing ...
INFO-FLOW: Share syncheck's 1.bc for syn flow: copy D:/archive/knn/solution1/.autopilot/db/a.g.1.bc to D:/archive/knn/solution1/.autopilot/db/a.o.1.bc
INFO-FLOW: Presyn 1...
Execute         transform -hls -tmp D:/archive/knn/solution1/.autopilot/db -interface-port-rename -type-info -function-uniquify -directive-preproc -mem2reg -dse -dce -disaggr -scalarrepl -norm-name -deadargelim -mem2reg -instcombine -dce -simplifycfg -auto-rom-infer -dce -function-uniquify -resource-proc -clib-intrinsic-prepare -dce -func-buffer -dce -pag -array-normalize -func-legal -instcombine -gvn -constprop -dce -simplifycfg -mem2reg -globaldce -resolve-double-ptr -dce -deadargelim -dce -instcombine -ptrArgReplace -mem2reg -dce -array-seg-normalize -deadargelim -instcombine -dce -pointer-simplify -dce -port-alignment -dce -interface-preproc -data-pack -instcombine -dce -basicaa -aggr-aa -aggrmodref-aa -aggr-aa -gvn -gvn -basicaa -aggr-aa -aggrmodref-aa -aggr-aa -dse -adse -adce -loop-simplify -indvars -instcombine -gvn -loop-simplify -mem2reg -dce -find-region -instcombine -auto-loop-pipeline -inst-simplify -interface-preproc -cfgopt -instcombine -indvars -auto-loop-unroll -loop-simplify -loop-bound -xunroll -constprop -instcombine -simplifycfg -indvars -simplifycfg -dce -globaldce -clean-region -attach-range -gvn -inst-simplify -constprop -simplifycfg -dce -pointer-simplify -dce -globalopt -constprop -dce -array-promote -constprop -dce -ptrArgReplace -mem2reg -simplifycfg -dce -auto-par -instcombine -dce -array-transform-check -array-reshape -instcombine -simplifycfg -dce -ptrArgReplace -deadargelim -mem2reg -instcombine -simplifycfg -dce -indvars -loop-simplify -loop-bound -xunroll -constprop -instcombine -simplifycfg -indvars -simplifycfg -dce -globaldce -basicaa -aggr-aa -aggrmodref-aa -aggr-aa -dse -duplicate-dataflow-processes -globaldce -instcombine -array-partition -instcombine -simplifycfg -dce -ptrArgReplace -global-constprop -deadargelim -mem2reg -func-legal -dce -global-constprop -deadargelim -mem2reg -simplifycfg -dce -merge-param -deadargelim -globalopt -constprop -dce -array-promote -constprop -dce -ptrArgReplace -mem2reg -simplifycfg -dce -mem-intrinsic-preproc -dce -global-internalize -global-privatize -mem2reg -globaldce -promote-global-argument -ptrArgReplace -mem2reg -dce -globalopt -mergereturn -simplify-global-access -mem2reg -dce -pointer-simplify -dce -functionattrs -basicaa -aggr-aa -aggrmodref-aa -aggr-aa -gvn -gvn -basicaa -aggr-aa -aggrmodref-aa -aggr-aa -dse -adse -adce -dce -norm-name -function-inline -complex-op-raise -inst-simplify -globaldce -func-inst -constprop -instcombine -simplifycfg -dce -func-legal -dce -loop-bound -arraycheck -bitwidthmin -on-by-dataflow -loop-delete -instcombine -simplifycfg -globaldce -dce -gvn -deadargelim -dce -loop-simplify -clean-region -simplifycfg -propagate-stable-arguments -loop-stream -instcombine -simplifycfg -dce -globaldce -duplicate-dataflow-processes -stream-intrinsic-preproc -dce -check-ap-stream -loop-simplify -eliminate-keepreads -extract-dataflow-in-loop -loop-simplify -dce -gvn -deadargelim -dse -check-dataflow-syntax -legalize-stream-variable -legalize-global -extract-subproc -dce -dead-channel-elimination -canonicalize-gep -globaldce -dce -gvn -deadargelim -annotate-dataflow-channels -scalar-propagation -deadargelim -globaldce -mem2reg -check-dataflow-channels -function-stream -dce -globaldce -prop-fifo-spec -internal-stream-gen -canonicalize-gep -globaldce -dce -gvn -deadargelim -mergereturn -indvars -loop-simplify -instcombine -array-stream -array-seg-normalize -array-partition -func-legal -instcombine -simplifycfg -dce -bundle-memfifo-ops -deadargelim -function-uniquify -directive-preproc -mem2reg -dse -dce -group-axi-access -licm -simplifycfg -dce -loop-delete -norm-name D:/archive/knn/solution1/.autopilot/db/a.o.1.bc -o D:/archive/knn/solution1/.autopilot/db/a.o.1.tmp.bc -f 
INFO: [XFORM 203-102] Partitioning array 'L' (mSort.cpp:48) in dimension 2 automatically.
INFO: [XFORM 203-102] Partitioning array 'R' (mSort.cpp:48) in dimension 2 automatically.
INFO: [XFORM 203-102] Partitioning array 'distances' (knn.cpp:38) in dimension 2 automatically.
INFO: [XFORM 203-602] Inlining function 'min' into 'mergeSort' (mSort.cpp:30) automatically.
INFO: [XFORM 203-602] Inlining function 'calculate_distance' into 'knn' (knn.cpp:43) automatically.
INFO: [XFORM 203-602] Inlining function 'mergeSort' into 'knn' (knn.cpp:48) automatically.
Command         transform done; 1.495 sec.
INFO-FLOW: Presyn 2...
Execute         transform -hls -keep-callgraph -scalarrepl -mem2reg -port-alignment -attach-range -dce -pipe-mux-gen -indvars -loop-bound -inst-simplify -instcombine -dce -merge-array-access -mem2reg -dce -clean-region -mergereturn -if-conv -instcombine -dce -constprop -basicaa -aggr-aa -aggrmodref-aa -aggr-aa -gvn -gvn -basicaa -aggr-aa -aggrmodref-aa -aggr-aa -dse -adse -adce -scalarrepl -mem2reg -global-constprop -deadargelim -deadargelim -instcombine -dce -simplifycfg -ptrArgReplace -mem2reg -function-inline -globaldce -mem2reg -instcombine -dce -expr-balance -instcombine -dce -bitwidthmin -interface-preproc -directive-preproc -inst-rectify -instcombine -dce -functionattrs -constprop -instcombine -bit-constprop -simplify-global-access -globalopt -globaldce -inst-simplify -instcombine -elimdeaddata -dce -loop-delete -simplifycfg -loop-simplify -auto-burst -norm-name D:/archive/knn/solution1/.autopilot/db/a.o.1.tmp.bc -o D:/archive/knn/solution1/.autopilot/db/a.o.2.bc -f -phase presyn 
Command         transform done; 0.181 sec.
INFO: [HLS 200-111] Finished Pre-synthesis Time (s): cpu = 00:00:06 ; elapsed = 00:00:27 . Memory (MB): peak = 889.035 ; gain = 795.188
INFO-FLOW: Building ssdm...
Execute         transform -hls -function-uniquify -auto-function-inline -globaldce -ptrArgReplace -mem2reg -dce -reset-lda -loop-simplify -indvars -licm -loop-dep -loop-bound -licm -loop-simplify -flattenloopnest -array-flatten -gvn -instcombine -dce -array-map -dce -func-legal -gvn -adce -instcombine -cfgopt -simplifycfg -loop-simplify -array-burst -promote-global-argument -dce -ptrLegalization -axi4-lower -array-seg-normalize -basicaa -aggrmodref-aa -globalsmodref-aa -aggr-aa -gvn -gvn -basicaa -aggrmodref-aa -globalsmodref-aa -aggr-aa -dse -adse -adce -licm -inst-simplify -dce -globaldce -instcombine -array-stream -eliminate-keepreads -instcombine -dce -deadargelim -doublePtrSimplify -doublePtrElim -dce -doublePtrSimplify -promote-dbg-pointer -dce -scalarrepl -mem2reg -disaggr -norm-name -mem2reg -instcombine -dse -adse -adce -ptrLegalization -dce -auto-rom-infer -array-flatten -dce -instcombine -check-doubleptr -loop-rot -constprop -cfgopt -simplifycfg -loop-simplify -indvars -pointer-simplify -dce -loop-bound -loop-simplify -loop-preproc -constprop -global-constprop -gvn -mem2reg -instcombine -dce -loop-bound -loop-merge -dce -bitwidthmin -deadargelim -dce -canonicalize-dataflow -dce -scalar-propagation -deadargelim -globaldce -mem2reg -read-loop-dep -interface-preproc -directive-preproc -interface-gen -bram-byte-enable -deadargelim -inst-simplify -dce -gvn -mem2reg -instcombine -dce -adse -loop-bound -instcombine -cfgopt -simplifycfg -loop-simplify -clean-region -io-protocol -find-region -mem2reg -bitop-raise -complex-op-raise -inst-simplify -inst-rectify -instcombine -adce -deadargelim -loop-simplify -phi-opt -bitop-raise -cfgopt -simplifycfg -strip-dead-prototypes -interface-lower -bitop-lower -intrinsic-lower -auto-function-inline -basicaa -aggrmodref-aa -globalsmodref-aa -aggr-aa -inst-simplify -simplifycfg -loop-simplify -mergereturn -inst-simplify -inst-rectify -dce -load-elim -bitop-lower -loop-rewind -pointer-simplify -dce -cfgopt -dce -loop-bound -loop-dep -read-loop-dep -dce -check-stream -norm-name -legalize -validate-dataflow -inst-clarity -bitwidth -dump-loop-dep-to-ir -check-all-ssdm -cdfg-build D:/archive/knn/solution1/.autopilot/db/a.o.2.bc -o D:/archive/knn/solution1/.autopilot/db/a.o.3.bc -f -phase build-ssdm 
INFO: [HLS 200-472] Inferring partial write operation for 'L[0]' (mSort.cpp:54:9)
INFO: [HLS 200-472] Inferring partial write operation for 'L[1]' (mSort.cpp:55:9)
INFO: [HLS 200-472] Inferring partial write operation for 'R[0]' (mSort.cpp:60:9)
INFO: [HLS 200-472] Inferring partial write operation for 'R[1]' (mSort.cpp:61:9)
INFO: [HLS 200-472] Inferring partial write operation for 'arr[0]' (mSort.cpp:73:13)
INFO: [HLS 200-472] Inferring partial write operation for 'arr[1]' (mSort.cpp:74:13)
INFO: [HLS 200-472] Inferring partial write operation for 'arr[0]' (mSort.cpp:79:13)
INFO: [HLS 200-472] Inferring partial write operation for 'arr[1]' (mSort.cpp:80:13)
INFO: [HLS 200-472] Inferring partial write operation for 'arr[0]' (mSort.cpp:90:9)
INFO: [HLS 200-472] Inferring partial write operation for 'arr[1]' (mSort.cpp:91:9)
INFO: [HLS 200-472] Inferring partial write operation for 'arr[0]' (mSort.cpp:100:9)
INFO: [HLS 200-472] Inferring partial write operation for 'arr[1]' (mSort.cpp:101:9)
INFO: [HLS 200-472] Inferring partial write operation for 'a.data.assign' (knn.cpp:43:31)
INFO: [HLS 200-472] Inferring partial write operation for 'distances[1]' (knn.cpp:44:13)
INFO: [HLS 200-472] Inferring partial write operation for 'freq' (knn.cpp:58:4)
INFO: [HLS 200-472] Inferring partial write operation for 'freq' (knn.cpp:65:13)
Command         transform done; 0.874 sec.
INFO: [HLS 200-111] Finished Architecture Synthesis Time (s): cpu = 00:00:06 ; elapsed = 00:00:28 . Memory (MB): peak = 889.035 ; gain = 795.188
INFO-FLOW: Finish building internal data model.
Command       opt_and_import_c done; 5.513 sec.
Command     elaborate done; 26.15 sec.
Execute     autosyn -from_csynth_design=1 
INFO: [HLS 200-10] Starting hardware synthesis ...
INFO-FLOW: Synthesizing C/C++ design ...
INFO: [HLS 200-10] Synthesizing 'knn' ...
Execute       ap_set_top_model knn 
Execute       get_model_list knn -filter all-wo-channel -topdown 
Execute       preproc_iomode -model knn 
Execute       preproc_iomode -model merge 
Execute       get_model_list knn -filter all-wo-channel 
INFO-FLOW: Model list for configure: merge knn
INFO-FLOW: Configuring Module : merge ...
Execute       set_default_model merge 
Execute       apply_spec_resource_limit merge 
INFO-FLOW: Configuring Module : knn ...
Execute       set_default_model knn 
Execute       apply_spec_resource_limit knn 
INFO-FLOW: Model list for preprocess: merge knn
INFO-FLOW: Preprocessing Module: merge ...
Execute       set_default_model merge 
Execute       cdfg_preprocess -model merge 
Execute       rtl_gen_preprocess merge 
INFO-FLOW: Preprocessing Module: knn ...
Execute       set_default_model knn 
Execute       cdfg_preprocess -model knn 
Execute       rtl_gen_preprocess knn 
INFO-FLOW: Model list for synthesis: merge knn
INFO: [HLS 200-10] ----------------------------------------------------------------
INFO: [HLS 200-42] -- Implementing module 'merge' 
INFO: [HLS 200-10] ----------------------------------------------------------------
Execute       set_default_model merge 
Execute       schedule -model merge 
INFO: [SCHED 204-11] Starting scheduling ...
INFO: [SCHED 204-11] Finished scheduling.
Command       schedule done; 0.188 sec.
INFO: [HLS 200-111]  Elapsed time: 28.204 seconds; current allocated memory: 118.624 MB.
Execute       syn_report -verbosereport -o D:/archive/knn/solution1/.autopilot/db/merge.verbose.sched.rpt 
Execute       db_write -o D:/archive/knn/solution1/.autopilot/db/merge.sched.adb -f 
INFO-FLOW: Finish scheduling merge.
Execute       set_default_model merge 
Execute       bind -model merge 
BIND OPTION: model=merge
INFO: [BIND 205-100] Starting micro-architecture generation ...
INFO: [BIND 205-101] Performing variable lifetime analysis.
INFO: [BIND 205-101] Exploring resource sharing.
INFO: [BIND 205-101] Binding ...
INFO: [BIND 205-100] Finished micro-architecture generation.
INFO: [HLS 200-111]  Elapsed time: 0.132 seconds; current allocated memory: 119.047 MB.
Execute       syn_report -verbosereport -o D:/archive/knn/solution1/.autopilot/db/merge.verbose.bind.rpt 
Execute       db_write -o D:/archive/knn/solution1/.autopilot/db/merge.bind.adb -f 
INFO-FLOW: Finish binding merge.
INFO: [HLS 200-10] ----------------------------------------------------------------
INFO: [HLS 200-42] -- Implementing module 'knn' 
INFO: [HLS 200-10] ----------------------------------------------------------------
Execute       set_default_model knn 
Execute       schedule -model knn 
INFO: [SCHED 204-11] Starting scheduling ...
INFO: [SCHED 204-11] Finished scheduling.
Command       schedule done; 0.673 sec.
INFO: [HLS 200-111]  Elapsed time: 0.792 seconds; current allocated memory: 121.991 MB.
Execute       syn_report -verbosereport -o D:/archive/knn/solution1/.autopilot/db/knn.verbose.sched.rpt 
Command       syn_report done; 0.425 sec.
Execute       db_write -o D:/archive/knn/solution1/.autopilot/db/knn.sched.adb -f 
Command       db_write done; 0.191 sec.
INFO-FLOW: Finish scheduling knn.
Execute       set_default_model knn 
Execute       bind -model knn 
BIND OPTION: model=knn
INFO: [BIND 205-100] Starting micro-architecture generation ...
INFO: [BIND 205-101] Performing variable lifetime analysis.
INFO: [BIND 205-101] Exploring resource sharing.
INFO: [BIND 205-101] Binding ...
INFO: [BIND 205-100] Finished micro-architecture generation.
Command       bind done; 0.23 sec.
INFO: [HLS 200-111]  Elapsed time: 0.868 seconds; current allocated memory: 126.189 MB.
Execute       syn_report -verbosereport -o D:/archive/knn/solution1/.autopilot/db/knn.verbose.bind.rpt 
Command       syn_report done; 0.665 sec.
Execute       db_write -o D:/archive/knn/solution1/.autopilot/db/knn.bind.adb -f 
Command       db_write done; 0.233 sec.
INFO-FLOW: Finish binding knn.
Execute       get_model_list knn -filter all-wo-channel 
INFO-FLOW: Preprocessing for RTLGen ...
Execute       rtl_gen_preprocess merge 
Execute       rtl_gen_preprocess knn 
INFO-FLOW: Model list for RTL generation: merge knn
INFO: [HLS 200-10] ----------------------------------------------------------------
INFO: [HLS 200-10] -- Generating RTL for module 'merge' 
INFO: [HLS 200-10] ----------------------------------------------------------------
Execute       get_config_rtl -module_prefix 
Execute       get_config_rtl -module_auto_prefix 
Execute       create_rtl_model merge -vendor xilinx -mg_file D:/archive/knn/solution1/.autopilot/db/merge.compgen.tcl 
INFO: [RTGEN 206-100] Finished creating RTL model for 'merge'.
INFO: [HLS 200-111]  Elapsed time: 0.968 seconds; current allocated memory: 127.054 MB.
Execute       source D:/archive/knn/solution1/.autopilot/db/knn.rtl_wrap.cfg.tcl 
Execute       gen_rtl merge -style xilinx -tracefl mytrace -tracefmt vcd -traceopt all -f -lang sc -o D:/archive/knn/solution1/syn/systemc/merge -synmodules merge knn 
Execute       gen_rtl merge -style xilinx -f -lang vhdl -o D:/archive/knn/solution1/syn/vhdl/merge 
Execute       gen_rtl merge -style xilinx -f -lang vlog -o D:/archive/knn/solution1/syn/verilog/merge 
Execute       syn_report -csynth -model merge -o D:/archive/knn/solution1/syn/report/merge_csynth.rpt 
Execute       syn_report -rtlxml -model merge -o D:/archive/knn/solution1/syn/report/merge_csynth.xml 
Execute       syn_report -verbosereport -model merge -o D:/archive/knn/solution1/.autopilot/db/merge.verbose.rpt 
Execute       db_write -model merge -f -o D:/archive/knn/solution1/.autopilot/db/merge.adb 
Execute       gen_tb_info merge -p D:/archive/knn/solution1/.autopilot/db -o D:/archive/knn/solution1/.autopilot/db/merge 
INFO: [HLS 200-10] ----------------------------------------------------------------
INFO: [HLS 200-10] -- Generating RTL for module 'knn' 
INFO: [HLS 200-10] ----------------------------------------------------------------
Execute       get_config_rtl -module_prefix 
Execute       get_config_rtl -module_auto_prefix 
Execute       create_rtl_model knn -vendor xilinx -mg_file D:/archive/knn/solution1/.autopilot/db/knn.compgen.tcl 
INFO: [RTGEN 206-500] Setting interface mode on port 'knn/k' to 'ap_none'.
INFO: [RTGEN 206-500] Setting interface mode on port 'knn/test_samples_label' to 'ap_memory'.
INFO: [RTGEN 206-500] Setting interface mode on port 'knn/test_samples_data' to 'ap_memory'.
INFO: [RTGEN 206-500] Setting interface mode on port 'knn/train_samples_label' to 'ap_memory'.
INFO: [RTGEN 206-500] Setting interface mode on port 'knn/train_samples_data' to 'ap_memory'.
INFO: [RTGEN 206-500] Setting interface mode on function 'knn' to 'ap_ctrl_hs'.
INFO: [RTGEN 206-100] Finished creating RTL model for 'knn'.
Command       create_rtl_model done; 0.295 sec.
INFO: [HLS 200-111]  Elapsed time: 0.535 seconds; current allocated memory: 134.436 MB.
Execute       source D:/archive/knn/solution1/.autopilot/db/knn.rtl_wrap.cfg.tcl 
Execute       gen_rtl knn -istop -style xilinx -tracefl mytrace -tracefmt vcd -traceopt all -f -lang sc -o D:/archive/knn/solution1/syn/systemc/knn -synmodules merge knn 
Execute       gen_rtl knn -istop -style xilinx -f -lang vhdl -o D:/archive/knn/solution1/syn/vhdl/knn 
Command       gen_rtl done; 0.16 sec.
Execute       gen_rtl knn -istop -style xilinx -f -lang vlog -o D:/archive/knn/solution1/syn/verilog/knn 
Execute       syn_report -csynth -model knn -o D:/archive/knn/solution1/syn/report/knn_csynth.rpt 
Execute       syn_report -rtlxml -model knn -o D:/archive/knn/solution1/syn/report/knn_csynth.xml 
Execute       syn_report -verbosereport -model knn -o D:/archive/knn/solution1/.autopilot/db/knn.verbose.rpt 
Command       syn_report done; 0.757 sec.
Execute       db_write -model knn -f -o D:/archive/knn/solution1/.autopilot/db/knn.adb 
Command       db_write done; 0.385 sec.
Execute       gen_tb_info knn -p D:/archive/knn/solution1/.autopilot/db -o D:/archive/knn/solution1/.autopilot/db/knn 
Execute       export_constraint_db -f -tool general -o D:/archive/knn/solution1/.autopilot/db/knn.constraint.tcl 
Execute       syn_report -designview -model knn -o D:/archive/knn/solution1/.autopilot/db/knn.design.xml 
Command       syn_report done; 0.172 sec.
Execute       get_config_rtl -disable_wave_debug 
Execute       syn_report -wcfg -model knn -o D:/archive/knn/solution1/.autopilot/db/knn_dataflow_ana.wcfg 
Execute       syn_report -protoinst -model knn -o D:/archive/knn/solution1/.autopilot/db/knn.protoinst 
Execute       get_config_debug -directory 
Execute       sc_get_clocks knn 
Execute       get_config_export -vivado_clock 
Execute       sc_get_portdomain knn 
INFO-FLOW: Model list for RTL component generation: merge knn
INFO-FLOW: Handling components in module [merge] ... 
Execute       source D:/archive/knn/solution1/.autopilot/db/merge.compgen.tcl 
INFO-FLOW: Found component merge_L_0.
INFO-FLOW: Append model merge_L_0
INFO-FLOW: Handling components in module [knn] ... 
Execute       source D:/archive/knn/solution1/.autopilot/db/knn.compgen.tcl 
INFO-FLOW: Found component knn_bitcount.
INFO-FLOW: Append model knn_bitcount
INFO-FLOW: Found component knn_a_data_assign.
INFO-FLOW: Append model knn_a_data_assign
INFO-FLOW: Found component knn_freq.
INFO-FLOW: Append model knn_freq
INFO-FLOW: Append model merge
INFO-FLOW: Append model knn
INFO-FLOW: Generating RTL model list ...
INFO-FLOW: All models in this session: merge_L_0 knn_bitcount knn_a_data_assign knn_freq merge knn
INFO-FLOW: To file: write model merge_L_0
INFO-FLOW: To file: write model knn_bitcount
INFO-FLOW: To file: write model knn_a_data_assign
INFO-FLOW: To file: write model knn_freq
INFO-FLOW: To file: write model merge
INFO-FLOW: To file: write model knn
INFO-FLOW: Finished generating RTL model list.


INFO-FLOW: RTL Generation done.
INFO-FLOW: CAS Generation done.
INFO-FLOW: CBC Generation done.
Execute       syn_report -model knn -printsummary 
INFO: [HLS 200-790] **** Loop Constraint Status: All loop constraints were satisfied.
INFO: [HLS 200-789] **** Estimated Fmax: 190.66 MHz
INFO-FLOW: DBG:CMD: auto_generate_csynth_design
INFO-FLOW: DBG:CMD:     auto_generate --sim-model -phase csynth_design -d D:/archive/knn/solution1
Execute       source D:/archive/knn/solution1/.autopilot/db/global.setting.tcl 
INFO-FLOW: DBG:CMD: read_platform_lib D:/archive/knn/solution1/.autopilot/db/global.setting.tcl
Execute       source D:/Xilinx/Vivado/2020.1/common/technology/generic/autopilot/common.gen 
Execute         source D:/Xilinx/Vivado/2020.1/common/technology/generic/autopilot/APCoreGen.gen 
Execute       source D:/Xilinx/Vivado/2020.1/common/technology/generic/autopilot/op.gen 
Execute       source D:/Xilinx/Vivado/2020.1/common/technology/generic/autopilot/op_simcore.gen 
Execute       source D:/Xilinx/Vivado/2020.1/common/technology/generic/autopilot/interface.gen 
Execute       source D:/archive/knn/solution1/.autopilot/db/global.setting.tcl 
Execute       source D:/Xilinx/Vivado/2020.1/common/technology/xilinx/zynquplus/zynquplus.gen 
Execute         source D:/Xilinx/Vivado/2020.1/common/technology/xilinx/common/xilinx.gen 
Execute           source D:/Xilinx/Vivado/2020.1/common/technology/xilinx/interface/plb46.gen 
Execute           source D:/Xilinx/Vivado/2020.1/common/technology/xilinx/interface/fsl.gen 
Execute           source D:/Xilinx/Vivado/2020.1/common/technology/xilinx/interface/axi4.gen 
Execute           source D:/Xilinx/Vivado/2020.1/common/technology/xilinx/interface/nativeAXI4.gen 
Execute             source D:/Xilinx/Vivado/2020.1/common/technology/xilinx/interface/saxilite.gen 
Execute             source D:/Xilinx/Vivado/2020.1/common/technology/xilinx/interface/maxi.gen 
Execute           source D:/Xilinx/Vivado/2020.1/common/technology/xilinx/scripts/xilinxcoregen.gen 
Execute           source D:/Xilinx/Vivado/2020.1/common/technology/xilinx/interface/XilEDKCoreGen.gen 
Execute           source D:/Xilinx/Vivado/2020.1/common/technology/xilinx/ip/dds_compiler.gen 
Execute           source D:/Xilinx/Vivado/2020.1/common/technology/xilinx/ip/util.gen 
Execute           source D:/Xilinx/Vivado/2020.1/common/technology/xilinx/ip/xfft.gen 
Execute           source D:/Xilinx/Vivado/2020.1/common/technology/xilinx/ip/xfir.gen 
Execute           source D:/Xilinx/Vivado/2020.1/common/technology/xilinx/common/dsp48.gen 
Command         ap_source done; 0.108 sec.
Command       ap_source done; 0.109 sec.
Execute       source D:/Xilinx/Vivado/2020.1/common/technology/xilinx/zynquplus/zynquplus_fpv7.gen 
Execute         source D:/Xilinx/Vivado/2020.1/common/technology/xilinx/common/xilinx_fp.gen 
INFO-FLOW: DBG:CMD:   using AESL_AUTOCG::g_clock_period=10.000 (was NA)
INFO-FLOW: DBG:CMD:       generate_ip_cores sim=1 export=0 expOnly=0 dstVlogDir=syn/verilog
Execute       source D:/archive/knn/solution1/.autopilot/db/global.setting.tcl 
Execute       ap_part_info -name xqzu5ev-ffrb900-1-i -data names -quiet 
Execute       ap_part_info -name xqzu5ev-ffrb900-1-i -data info -quiet 
Execute       ap_family_info -name qzynquplus -data info -quiet 
Execute       source D:/archive/knn/solution1/.autopilot/db/global.setting.tcl 
Execute       source D:/archive/knn/solution1/.autopilot/db/global.setting.tcl 
Execute       source D:/archive/knn/solution1/.autopilot/db/merge.compgen.tcl 
INFO: [RTMG 210-278] Implementing memory 'merge_L_0_ram (RAM)' using block RAMs.
Execute         ap_part_info -name xqzu5ev-ffrb900-1-i -data names -quiet 
Execute         ap_part_info -name xqzu5ev-ffrb900-1-i -data info -quiet 
Execute         ap_family_info -name qzynquplus -data info -quiet 
Execute       source D:/archive/knn/solution1/.autopilot/db/knn.compgen.tcl 
Execute         ap_part_info -name xqzu5ev-ffrb900-1-i -data names -quiet 
Execute         ap_part_info -name xqzu5ev-ffrb900-1-i -data info -quiet 
Execute         ap_family_info -name qzynquplus -data info -quiet 
INFO: [RTMG 210-279] Implementing memory 'knn_bitcount_rom' using auto ROMs.
Execute         ap_part_info -name xqzu5ev-ffrb900-1-i -data names -quiet 
Execute         ap_part_info -name xqzu5ev-ffrb900-1-i -data info -quiet 
Execute         ap_family_info -name qzynquplus -data info -quiet 
Execute         ap_part_info -name xqzu5ev-ffrb900-1-i -data names -quiet 
Execute         ap_part_info -name xqzu5ev-ffrb900-1-i -data info -quiet 
Execute         ap_family_info -name qzynquplus -data info -quiet 
INFO: [RTMG 210-278] Implementing memory 'knn_a_data_assign_ram (RAM)' using block RAMs.
Execute         ap_part_info -name xqzu5ev-ffrb900-1-i -data names -quiet 
Execute         ap_part_info -name xqzu5ev-ffrb900-1-i -data info -quiet 
Execute         ap_family_info -name qzynquplus -data info -quiet 
INFO: [RTMG 210-278] Implementing memory 'knn_freq_ram (RAM)' using distributed RAMs.
Execute         ap_part_info -name xqzu5ev-ffrb900-1-i -data names -quiet 
Execute         ap_part_info -name xqzu5ev-ffrb900-1-i -data info -quiet 
Execute         ap_family_info -name qzynquplus -data info -quiet 
INFO-FLOW: DBG:CMD:     auto_generate -export -impltomg_flag -rtl both -tool Vivado -pcore_version 1.00.a -phase csynth_design -d D:/archive/knn/solution1
Execute       source D:/archive/knn/solution1/.autopilot/db/global.setting.tcl 
INFO-FLOW: DBG:CMD: read_platform_lib D:/archive/knn/solution1/.autopilot/db/global.setting.tcl
Execute       source D:/Xilinx/Vivado/2020.1/common/technology/generic/autopilot/common.gen 
Execute         source D:/Xilinx/Vivado/2020.1/common/technology/generic/autopilot/APCoreGen.gen 
Execute       source D:/Xilinx/Vivado/2020.1/common/technology/generic/autopilot/op.gen 
Execute       source D:/Xilinx/Vivado/2020.1/common/technology/generic/autopilot/op_simcore.gen 
Execute       source D:/Xilinx/Vivado/2020.1/common/technology/generic/autopilot/interface.gen 
Execute       source D:/archive/knn/solution1/.autopilot/db/global.setting.tcl 
Execute       source D:/Xilinx/Vivado/2020.1/common/technology/xilinx/zynquplus/zynquplus.gen 
Execute         source D:/Xilinx/Vivado/2020.1/common/technology/xilinx/common/xilinx.gen 
Execute           source D:/Xilinx/Vivado/2020.1/common/technology/xilinx/interface/plb46.gen 
Execute           source D:/Xilinx/Vivado/2020.1/common/technology/xilinx/interface/fsl.gen 
Execute           source D:/Xilinx/Vivado/2020.1/common/technology/xilinx/interface/axi4.gen 
Execute           source D:/Xilinx/Vivado/2020.1/common/technology/xilinx/interface/nativeAXI4.gen 
Execute             source D:/Xilinx/Vivado/2020.1/common/technology/xilinx/interface/saxilite.gen 
Execute             source D:/Xilinx/Vivado/2020.1/common/technology/xilinx/interface/maxi.gen 
Execute           source D:/Xilinx/Vivado/2020.1/common/technology/xilinx/scripts/xilinxcoregen.gen 
Execute           source D:/Xilinx/Vivado/2020.1/common/technology/xilinx/interface/XilEDKCoreGen.gen 
Execute           source D:/Xilinx/Vivado/2020.1/common/technology/xilinx/ip/dds_compiler.gen 
Execute           source D:/Xilinx/Vivado/2020.1/common/technology/xilinx/ip/util.gen 
Execute           source D:/Xilinx/Vivado/2020.1/common/technology/xilinx/ip/xfft.gen 
Execute           source D:/Xilinx/Vivado/2020.1/common/technology/xilinx/ip/xfir.gen 
Execute           source D:/Xilinx/Vivado/2020.1/common/technology/xilinx/common/dsp48.gen 
Command         ap_source done; 0.102 sec.
Command       ap_source done; 0.102 sec.
Execute       source D:/Xilinx/Vivado/2020.1/common/technology/xilinx/zynquplus/zynquplus_fpv7.gen 
Execute         source D:/Xilinx/Vivado/2020.1/common/technology/xilinx/common/xilinx_fp.gen 
INFO-FLOW: DBG:CMD:       initCTypeInfo top_module=knn xml_exists=0
Execute       source D:/archive/knn/solution1/.autopilot/db/knn.rtl_wrap.cfg.tcl 
Execute       source D:/archive/knn/solution1/.autopilot/db/knn.rtl_wrap.cfg.tcl 
Execute       source D:/archive/knn/solution1/.autopilot/db/knn.rtl_wrap.cfg.tcl 
Execute       source D:/archive/knn/solution1/.autopilot/db/knn.tbgen.tcl 
Execute       source D:/archive/knn/solution1/.autopilot/db/knn.tbgen.tcl 
INFO-FLOW: DBG:CMD:       export_impl_rtl
INFO-FLOW: DBG:CMD:       generate_ip_cores sim=0 export=0 expOnly=0 dstVlogDir=impl/.verilog
Execute       source D:/archive/knn/solution1/.autopilot/db/global.setting.tcl 
Execute       source D:/archive/knn/solution1/.autopilot/db/merge.compgen.tcl 
Execute       source D:/archive/knn/solution1/.autopilot/db/knn.compgen.tcl 
INFO-FLOW: DBG:CMD:       generate_ip_cores sim=0 export=1 expOnly=1 dstVlogDir=impl/.pcores/verilog
Execute       source D:/archive/knn/solution1/.autopilot/db/global.setting.tcl 
Execute       source D:/archive/knn/solution1/.autopilot/db/merge.compgen.tcl 
Execute       source D:/archive/knn/solution1/.autopilot/db/knn.compgen.tcl 
Execute         ap_part_info -name xqzu5ev-ffrb900-1-i -data names -quiet 
Execute         ap_part_info -name xqzu5ev-ffrb900-1-i -data info -quiet 
Execute         ap_family_info -name qzynquplus -data info -quiet 
Execute         ap_part_info -name xqzu5ev-ffrb900-1-i -data names -quiet 
Execute         ap_part_info -name xqzu5ev-ffrb900-1-i -data info -quiet 
Execute         ap_family_info -name qzynquplus -data info -quiet 
Execute         source D:/archive/knn/solution1/.autopilot/db/knn.tbgen.tcl 
Execute         source D:/archive/knn/solution1/.autopilot/db/knn.tbgen.tcl 
Execute         source D:/archive/knn/solution1/.autopilot/db/knn.tbgen.tcl 
Execute         source D:/archive/knn/solution1/.autopilot/db/knn.tbgen.tcl 
Execute         ap_part_info -name xqzu5ev-ffrb900-1-i -data names -quiet 
Execute         ap_part_info -name xqzu5ev-ffrb900-1-i -data info -quiet 
Execute         ap_family_info -name qzynquplus -data info -quiet 
Execute         ap_part_info -name xqzu5ev-ffrb900-1-i -data names -quiet 
Execute         ap_part_info -name xqzu5ev-ffrb900-1-i -data info -quiet 
Execute         ap_family_info -name qzynquplus -data info -quiet 
Execute         ap_part_info -name xqzu5ev-ffrb900-1-i -data names -quiet 
Execute         ap_part_info -name xqzu5ev-ffrb900-1-i -data info -quiet 
Execute         ap_family_info -name qzynquplus -data info -quiet 
Execute         ap_part_info -name xqzu5ev-ffrb900-1-i -data names -quiet 
Execute         ap_part_info -name xqzu5ev-ffrb900-1-i -data info -quiet 
Execute         ap_family_info -name qzynquplus -data info -quiet 
Execute         ap_part_info -name xqzu5ev-ffrb900-1-i -data names -quiet 
Execute         ap_part_info -name xqzu5ev-ffrb900-1-i -data info -quiet 
Execute         ap_family_info -name qzynquplus -data info -quiet 
Execute         ap_part_info -name xqzu5ev-ffrb900-1-i -data names -quiet 
Execute         ap_part_info -name xqzu5ev-ffrb900-1-i -data info -quiet 
Execute         ap_family_info -name qzynquplus -data info -quiet 
Execute         ap_part_info -name xqzu5ev-ffrb900-1-i -data names -quiet 
Execute         ap_part_info -name xqzu5ev-ffrb900-1-i -data info -quiet 
Execute         ap_family_info -name qzynquplus -data info -quiet 
Execute       ap_part_info -name xqzu5ev-ffrb900-1-i -data names -quiet 
Execute       ap_part_info -name xqzu5ev-ffrb900-1-i -data info -quiet 
Execute       ap_family_info -name qzynquplus -data info -quiet 
INFO-FLOW: DBG:CMD:       generate_ip_cores sim=0 export=0 expOnly=0 dstVlogDir=impl/.pcores/verilog_sim
Execute       source D:/archive/knn/solution1/.autopilot/db/global.setting.tcl 
Execute       source D:/archive/knn/solution1/.autopilot/db/merge.compgen.tcl 
Execute       source D:/archive/knn/solution1/.autopilot/db/knn.compgen.tcl 
Execute       ap_part_info -name xqzu5ev-ffrb900-1-i -data names -quiet 
Execute       ap_part_info -name xqzu5ev-ffrb900-1-i -data info -quiet 
Execute       ap_family_info -name qzynquplus -data info -quiet 
Execute       ap_part_info -name xqzu5ev-ffrb900-1-i -data names -quiet 
Execute       ap_part_info -name xqzu5ev-ffrb900-1-i -data info -quiet 
Execute       ap_family_info -name qzynquplus -data info -quiet 
Execute       source D:/archive/knn/solution1/.autopilot/db/global.setting.tcl 
Execute       ap_part_info -name xqzu5ev-ffrb900-1-i -data names -quiet 
Execute       ap_part_info -name xqzu5ev-ffrb900-1-i -data info -quiet 
Execute       ap_family_info -name qzynquplus -data info -quiet 
Execute       source D:/archive/knn/solution1/.autopilot/db/knn.constraint.tcl 
Execute       source D:/archive/knn/solution1/.autopilot/db/knn.tbgen.tcl 
INFO-FLOW: DBG:CMD:       hasPcoreIpAdapter=false #gSsdmPorts=14
INFO-FLOW: DBG:CMD: Skipping loadAnalyze_DB, #g_database=6
INFO-FLOW: DBG:CMD:       generate_json is_phase_csynth=1 g_has_adaptors=false generate_bd_files=0 #modelList=6 #gSsdmPorts=14
Execute       source D:/Xilinx/Vivado/2020.1/tps/tcl/tcllib1.11.1/fileutil/fileutil.tcl 
Execute       source D:/archive/knn/solution1/.autopilot/db/global.setting.tcl 
Execute       source D:/archive/knn/solution1/.autopilot/db/global.setting.tcl 
Execute       get_config_export -xo 
Execute       source D:/archive/knn/solution1/.autopilot/db/knn.tbgen.tcl 
Execute       source D:/archive/knn/solution1/.autopilot/db/knn.tbgen.tcl 
Execute       source D:/archive/knn/solution1/.autopilot/db/knn.tbgen.tcl 
Execute       source D:/archive/knn/solution1/.autopilot/db/global.setting.tcl 
Execute       get_config_sdx -target 
Execute       source D:/archive/knn/solution1/.autopilot/db/knn.rtl_wrap.cfg.tcl 
Execute       source D:/archive/knn/solution1/.autopilot/db/knn.compgen.dataonly.tcl 
Execute       source D:/archive/knn/solution1/.autopilot/db/global.setting.tcl 
Execute       ap_part_info -name xqzu5ev-ffrb900-1-i -data names -quiet 
Execute       ap_part_info -name xqzu5ev-ffrb900-1-i -data info -quiet 
Execute       ap_family_info -name qzynquplus -data info -quiet 
Execute       source D:/archive/knn/solution1/.autopilot/db/knn.constraint.tcl 
Execute       sc_get_clocks knn 
Execute       ap_part_info -name xqzu5ev-ffrb900-1-i -data names -quiet 
Execute       ap_part_info -name xqzu5ev-ffrb900-1-i -data info -quiet 
Execute       ap_family_info -name qzynquplus -data info -quiet 
Execute       source D:/archive/knn/solution1/.autopilot/db/global.setting.tcl 
Execute       get_config_debug -directory 
Execute       source D:/archive/knn/solution1/.autopilot/db/merge.tbgen.tcl 
Execute       source D:/archive/knn/solution1/.autopilot/db/knn.tbgen.tcl 
Execute       get_config_sdx -target 
Execute       get_config_sdx -profile 
Execute       get_config_rtl -kernel_profile 
Execute       get_config_rtl -stall_sig_gen 
Execute       get_config_rtl -profile 
INFO-FLOW: DBG:CMD: add_json_sdx_info kernel file does not exist, skipping opencl info: D:/archive/knn/solution1/.autopilot/db/kernel.internal.xml
INFO-FLOW: DBG:CMD:       delete-temp-dirs (skipped for debug)
INFO: [HLS 200-111] Finished generating all RTL models Time (s): cpu = 00:00:11 ; elapsed = 00:00:35 . Memory (MB): peak = 889.035 ; gain = 795.188
INFO: [VHDL 208-304] Generating VHDL RTL for knn.
INFO: [VLOG 209-307] Generating Verilog RTL for knn.
Command     autosyn done; 7.024 sec.
Command   csynth_design done; 33.185 sec.
Command ap_source done; 34.686 sec.
Execute cleanup_all 
