

================================================================
== Vivado HLS Report for 'knn'
================================================================
* Date:           Sat Jul 13 16:18:16 2024

* Version:        2020.1 (Build 2897737 on Wed May 27 20:21:37 MDT 2020)
* Project:        knn
* Solution:       solution2
* Product family: zynquplus
* Target device:  xqzu5ev-ffrb900-1-i


================================================================
== Performance Estimates
================================================================
+ Timing: 
    * Summary: 
    +--------+----------+----------+------------+
    |  Clock |  Target  | Estimated| Uncertainty|
    +--------+----------+----------+------------+
    |ap_clk  | 10.00 ns | 3.629 ns |   1.25 ns  |
    +--------+----------+----------+------------+

+ Latency: 
    * Summary: 
    +---------+---------+-----------+-----------+---------+---------+---------+
    |  Latency (cycles) |   Latency (absolute)  |      Interval     | Pipeline|
    |   min   |   max   |    min    |    max    |   min   |   max   |   Type  |
    +---------+---------+-----------+-----------+---------+---------+---------+
    |  2514034|  2514034| 25.140 ms | 25.140 ms |  2514034|  2514034|   none  |
    +---------+---------+-----------+-----------+---------+---------+---------+

    + Detail: 
        * Instance: 
        N/A

        * Loop: 
        +--------------------+---------+---------+----------+-----------+-----------+------+----------+
        |                    |  Latency (cycles) | Iteration|  Initiation Interval  | Trip |          |
        |      Loop Name     |   min   |   max   |  Latency |  achieved |   target  | Count| Pipelined|
        +--------------------+---------+---------+----------+-----------+-----------+------+----------+
        |- Loop 1            |        5|        5|         1|          -|          -|     5|    no    |
        |- distance_loop     |  2514000|  2514000|       419|          -|          -|  6000|    no    |
        | + bitcount_loop    |      400|      400|         1|          -|          -|   400|    no    |
        | + distance_loop.2  |       15|       15|         3|          -|          -|     5|    no    |
        |- freq_init_loop    |       10|       10|         1|          -|          -|    10|    no    |
        |- neighbours_loop   |       15|       15|         3|          -|          -|     5|    no    |
        +--------------------+---------+---------+----------+-----------+-----------+------+----------+



================================================================
== Utilization Estimates
================================================================
* Summary: 
+-----------------+---------+-------+--------+--------+-----+
|       Name      | BRAM_18K| DSP48E|   FF   |   LUT  | URAM|
+-----------------+---------+-------+--------+--------+-----+
|DSP              |        -|      -|       -|       -|    -|
|Expression       |        -|      -|       0|     340|    -|
|FIFO             |        -|      -|       -|       -|    -|
|Instance         |      204|      -|     533|     920|    -|
|Memory           |        0|      -|     106|       8|    0|
|Multiplexer      |        -|      -|       -|     299|    -|
|Register         |        -|      -|    1437|       -|    -|
+-----------------+---------+-------+--------+--------+-----+
|Total            |      204|      0|    2076|    1567|    0|
+-----------------+---------+-------+--------+--------+-----+
|Available        |      288|   1248|  234240|  117120|   64|
+-----------------+---------+-------+--------+--------+-----+
|Utilization (%)  |       70|      0|   ~0   |       1|    0|
+-----------------+---------+-------+--------+--------+-----+

+ Detail: 
    * Instance: 
    +----------------------+--------------------+---------+-------+-----+-----+-----+
    |       Instance       |       Module       | BRAM_18K| DSP48E|  FF | LUT | URAM|
    +----------------------+--------------------+---------+-------+-----+-----+-----+
    |knn_AXILiteS_s_axi_U  |knn_AXILiteS_s_axi  |      204|      0|  533|  920|    0|
    +----------------------+--------------------+---------+-------+-----+-----+-----+
    |Total                 |                    |      204|      0|  533|  920|    0|
    +----------------------+--------------------+---------+-------+-----+-----+-----+

    * DSP48E: 
    N/A

    * Memory: 
    +---------------+-----------------+---------+----+----+-----+------+-----+------+-------------+
    |     Memory    |      Module     | BRAM_18K| FF | LUT| URAM| Words| Bits| Banks| W*Bits*Banks|
    +---------------+-----------------+---------+----+----+-----+------+-----+------+-------------+
    |distances_0_U  |knn_distances_0  |        0|  32|   2|    0|     5|   16|     1|           80|
    |distances_1_U  |knn_distances_1  |        0|  10|   1|    0|     5|    5|     1|           25|
    |freq_U         |knn_freq         |        0|  64|   5|    0|    10|   32|     1|          320|
    +---------------+-----------------+---------+----+----+-----+------+-----+------+-------------+
    |Total          |                 |        0| 106|   8|    0|    20|   53|     3|          425|
    +---------------+-----------------+---------+----+----+-----+------+-----+------+-------------+

    * FIFO: 
    N/A

    * Expression: 
    +-------------------------+----------+-------+---+----+------------+------------+
    |      Variable Name      | Operation| DSP48E| FF| LUT| Bitwidth P0| Bitwidth P1|
    +-------------------------+----------+-------+---+----+------------+------------+
    |distance_fu_450_p2       |     +    |      0|  0|  23|          16|           1|
    |i_1_fu_506_p2            |     +    |      0|  0|  12|           4|           1|
    |i_2_fu_424_p2            |     +    |      0|  0|  16|           9|           1|
    |i_3_fu_523_p2            |     +    |      0|  0|  11|           3|           1|
    |i_4_fu_393_p2            |     +    |      0|  0|  20|          13|           1|
    |i_fu_375_p2              |     +    |      0|  0|  11|           3|           1|
    |j_fu_473_p2              |     +    |      0|  0|  11|           3|           1|
    |max_freq_fu_556_p2       |     +    |      0|  0|  39|          32|           1|
    |icmp_ln26_fu_369_p2      |   icmp   |      0|  0|   9|           3|           3|
    |icmp_ln32_fu_387_p2      |   icmp   |      0|  0|  13|          13|          13|
    |icmp_ln36_fu_467_p2      |   icmp   |      0|  0|   9|           3|           3|
    |icmp_ln39_fu_484_p2      |   icmp   |      0|  0|  13|          16|          16|
    |icmp_ln57_fu_500_p2      |   icmp   |      0|  0|   9|           4|           4|
    |icmp_ln62_fu_517_p2      |   icmp   |      0|  0|   9|           3|           3|
    |icmp_ln66_fu_563_p2      |   icmp   |      0|  0|  20|          32|          32|
    |icmp_ln82_fu_418_p2      |   icmp   |      0|  0|  13|           9|           8|
    |output_V                 |   icmp   |      0|  0|  20|          32|          32|
    |select_ln66_1_fu_577_p3  |  select  |      0|  0|  32|           1|          32|
    |select_ln66_fu_569_p3    |  select  |      0|  0|  32|           1|          32|
    |select_ln83_fu_456_p3    |  select  |      0|  0|  16|           1|          16|
    |xor_ln968_fu_444_p2      |    xor   |      0|  0|   2|           1|           1|
    +-------------------------+----------+-------+---+----+------------+------------+
    |Total                    |          |      0|  0| 340|         202|         203|
    +-------------------------+----------+-------+---+----+------------+------------+

    * Multiplexer: 
    +-------------------------------------+----+-----------+-----+-----------+
    |                 Name                | LUT| Input Size| Bits| Total Bits|
    +-------------------------------------+----+-----------+-----+-----------+
    |ap_NS_fsm                            |  56|         13|    1|         13|
    |ap_phi_mux_temp1_be_phi_fu_301_p4    |   9|          2|   16|         32|
    |ap_phi_mux_temp2_V_be_phi_fu_289_p4  |   9|          2|    4|          8|
    |bvh_d_index_reg_241                  |   9|          2|    9|         18|
    |curr_dist_reg_229                    |   9|          2|   16|         32|
    |distances_0_address0                 |  21|          4|    3|         12|
    |distances_0_d0                       |  15|          3|   16|         48|
    |distances_1_address0                 |  21|          4|    3|         12|
    |distances_1_d0                       |  15|          3|    5|         15|
    |freq_address0                        |  21|          4|    4|         16|
    |freq_d0                              |  15|          3|   32|         96|
    |i1_0_reg_218                         |   9|          2|   13|         26|
    |i2_0_reg_309                         |   9|          2|    4|          8|
    |i3_0_reg_344                         |   9|          2|    3|          6|
    |i_0_reg_207                          |   9|          2|    3|          6|
    |j_0_reg_274                          |   9|          2|    3|          6|
    |max_freq_0_reg_320                   |   9|          2|   32|         64|
    |most_freq_0_reg_332                  |   9|          2|   32|         64|
    |temp1_be_reg_297                     |   9|          2|   16|         32|
    |temp1_reg_262                        |   9|          2|   16|         32|
    |temp2_V_be_reg_285                   |   9|          2|    4|          8|
    |temp2_V_reg_252                      |   9|          2|    4|          8|
    +-------------------------------------+----+-----------+-----+-----------+
    |Total                                | 299|         64|  239|        562|
    +-------------------------------------+----+-----------+-----+-----------+

    * Register: 
    +----------------------------+-----+----+-----+-----------+
    |            Name            |  FF | LUT| Bits| Const Bits|
    +----------------------------+-----+----+-----+-----------+
    |ap_CS_fsm                   |   12|   0|   12|          0|
    |bvh_d_index_reg_241         |    9|   0|    9|          0|
    |curr_dist_1_reg_662         |   16|   0|   16|          0|
    |curr_dist_reg_229           |   16|   0|   16|          0|
    |distances_0_addr_1_reg_657  |    3|   0|    3|          0|
    |freq_addr_1_reg_702         |    4|   0|    4|          0|
    |i1_0_reg_218                |   13|   0|   13|          0|
    |i2_0_reg_309                |    4|   0|    4|          0|
    |i3_0_reg_344                |    3|   0|    3|          0|
    |i_0_reg_207                 |    3|   0|    3|          0|
    |i_3_reg_687                 |    3|   0|    3|          0|
    |i_4_reg_606                 |   13|   0|   13|          0|
    |icmp_ln39_reg_667           |    1|   0|    1|          0|
    |j_0_reg_274                 |    3|   0|    3|          0|
    |j_reg_647                   |    3|   0|    3|          0|
    |max_freq_0_reg_320          |   32|   0|   32|          0|
    |most_freq_0_reg_332         |   32|   0|   32|          0|
    |p_Val2_1_reg_616            |  404|   0|  404|          0|
    |p_Val2_3_reg_621            |  400|   0|  400|          0|
    |sext_ln64_reg_697           |   16|   0|   16|          0|
    |temp1_be_reg_297            |   16|   0|   16|          0|
    |temp1_reg_262               |   16|   0|   16|          0|
    |temp2_V_be_reg_285          |    4|   0|    4|          0|
    |temp2_V_reg_252             |    4|   0|    4|          0|
    |test_data_V_reg_590         |  400|   0|  400|          0|
    |test_label_V_reg_585        |    4|   0|    4|          0|
    |zext_ln39_reg_652           |    3|   0|   64|         61|
    +----------------------------+-----+----+-----+-----------+
    |Total                       | 1437|   0| 1498|         61|
    +----------------------------+-----+----+-----+-----------+



================================================================
== Interface
================================================================
* Summary: 
+------------------------+-----+-----+------------+--------------+--------------+
|        RTL Ports       | Dir | Bits|  Protocol  | Source Object|    C Type    |
+------------------------+-----+-----+------------+--------------+--------------+
|s_axi_AXILiteS_AWVALID  |  in |    1|    s_axi   |   AXILiteS   |    pointer   |
|s_axi_AXILiteS_AWREADY  | out |    1|    s_axi   |   AXILiteS   |    pointer   |
|s_axi_AXILiteS_AWADDR   |  in |   21|    s_axi   |   AXILiteS   |    pointer   |
|s_axi_AXILiteS_WVALID   |  in |    1|    s_axi   |   AXILiteS   |    pointer   |
|s_axi_AXILiteS_WREADY   | out |    1|    s_axi   |   AXILiteS   |    pointer   |
|s_axi_AXILiteS_WDATA    |  in |   32|    s_axi   |   AXILiteS   |    pointer   |
|s_axi_AXILiteS_WSTRB    |  in |    4|    s_axi   |   AXILiteS   |    pointer   |
|s_axi_AXILiteS_ARVALID  |  in |    1|    s_axi   |   AXILiteS   |    pointer   |
|s_axi_AXILiteS_ARREADY  | out |    1|    s_axi   |   AXILiteS   |    pointer   |
|s_axi_AXILiteS_ARADDR   |  in |   21|    s_axi   |   AXILiteS   |    pointer   |
|s_axi_AXILiteS_RVALID   | out |    1|    s_axi   |   AXILiteS   |    pointer   |
|s_axi_AXILiteS_RREADY   |  in |    1|    s_axi   |   AXILiteS   |    pointer   |
|s_axi_AXILiteS_RDATA    | out |   32|    s_axi   |   AXILiteS   |    pointer   |
|s_axi_AXILiteS_RRESP    | out |    2|    s_axi   |   AXILiteS   |    pointer   |
|s_axi_AXILiteS_BVALID   | out |    1|    s_axi   |   AXILiteS   |    pointer   |
|s_axi_AXILiteS_BREADY   |  in |    1|    s_axi   |   AXILiteS   |    pointer   |
|s_axi_AXILiteS_BRESP    | out |    2|    s_axi   |   AXILiteS   |    pointer   |
|ap_clk                  |  in |    1| ap_ctrl_hs |      knn     | return value |
|ap_rst_n                |  in |    1| ap_ctrl_hs |      knn     | return value |
|interrupt               | out |    1| ap_ctrl_hs |      knn     | return value |
+------------------------+-----+-----+------------+--------------+--------------+

